# JRE version: OpenJDK Runtime Environment (8.0_76-b03) (build 1.8.0_76-release-b03)
# Java VM: OpenJDK 64-Bit Server VM (25.76-b03 mixed mode windows-amd64 compressed oops)
Heap:
 PSYoungGen      total 446976K, used 82975K [0x00000000e0000000, 0x00000000fd580000, 0x0000000100000000)
  eden space 422400K, 19% used [0x00000000e0000000,0x00000000e5107e40,0x00000000f9c80000)
  from space 24576K, 0% used [0x00000000fb780000,0x00000000fb780000,0x00000000fcf80000)
  to   space 27648K, 0% used [0x00000000f9c80000,0x00000000f9c80000,0x00000000fb780000)
 ParOldGen       total 70144K, used 56542K [0x00000000a0000000, 0x00000000a4480000, 0x00000000e0000000)
  object space 70144K, 80% used [0x00000000a0000000,0x00000000a3737810,0x00000000a4480000)
 Metaspace       used 63581K, capacity 65498K, committed 67120K, reserved 1107968K
  class space    used 8079K, capacity 8416K, committed 9008K, reserved 1048576K
GC Heap History (10 events):
Event: 5058.435 GC heap before
{Heap before GC invocations=21 (full 3):
 PSYoungGen      total 241152K, used 201406K [0x00000000e0000000, 0x00000000f6980000, 0x0000000100000000)
  eden space 220672K, 85% used [0x00000000e0000000,0x00000000eb848ac8,0x00000000ed780000)
  from space 20480K, 62% used [0x00000000ed780000,0x00000000ee3e6dd8,0x00000000eeb80000)
  to   space 20480K, 0% used [0x00000000f5580000,0x00000000f5580000,0x00000000f6980000)
 ParOldGen       total 70144K, used 51167K [0x00000000a0000000, 0x00000000a4480000, 0x00000000e0000000)
  object space 70144K, 72% used [0x00000000a0000000,0x00000000a31f7c50,0x00000000a4480000)
 Metaspace       used 64412K, capacity 66888K, committed 67120K, reserved 1107968K
  class space    used 8412K, capacity 8945K, committed 9008K, reserved 1048576K
Event: 5058.470 GC heap after
Heap after GC invocations=21 (full 3):
 PSYoungGen      total 345600K, used 20471K [0x00000000e0000000, 0x00000000f7180000, 0x0000000100000000)
  eden space 325120K, 0% used [0x00000000e0000000,0x00000000e0000000,0x00000000f3d80000)
  from space 20480K, 99% used [0x00000000f5580000,0x00000000f697df58,0x00000000f6980000)
  to   space 24576K, 0% used [0x00000000f3d80000,0x00000000f3d80000,0x00000000f5580000)
 ParOldGen       total 70144K, used 53565K [0x00000000a0000000, 0x00000000a4480000, 0x00000000e0000000)
  object space 70144K, 76% used [0x00000000a0000000,0x00000000a344f7d0,0x00000000a4480000)
 Metaspace       used 64412K, capacity 66888K, committed 67120K, reserved 1107968K
  class space    used 8412K, capacity 8945K, committed 9008K, reserved 1048576K
}
Event: 5058.470 GC heap before
{Heap before GC invocations=22 (full 4):
 PSYoungGen      total 345600K, used 20471K [0x00000000e0000000, 0x00000000f7180000, 0x0000000100000000)
  eden space 325120K, 0% used [0x00000000e0000000,0x00000000e0000000,0x00000000f3d80000)
  from space 20480K, 99% used [0x00000000f5580000,0x00000000f697df58,0x00000000f6980000)
  to   space 24576K, 0% used [0x00000000f3d80000,0x00000000f3d80000,0x00000000f5580000)
 ParOldGen       total 70144K, used 53565K [0x00000000a0000000, 0x00000000a4480000, 0x00000000e0000000)
  object space 70144K, 76% used [0x00000000a0000000,0x00000000a344f7d0,0x00000000a4480000)
 Metaspace       used 64412K, capacity 66888K, committed 67120K, reserved 1107968K
  class space    used 8412K, capacity 8945K, committed 9008K, reserved 1048576K
Event: 5058.797 GC heap after
Heap after GC invocations=22 (full 4):
 PSYoungGen      total 345600K, used 0K [0x00000000e0000000, 0x00000000f7180000, 0x0000000100000000)
  eden space 325120K, 0% used [0x00000000e0000000,0x00000000e0000000,0x00000000f3d80000)
  from space 20480K, 0% used [0x00000000f5580000,0x00000000f5580000,0x00000000f6980000)
  to   space 24576K, 0% used [0x00000000f3d80000,0x00000000f3d80000,0x00000000f5580000)
 ParOldGen       total 70144K, used 49268K [0x00000000a0000000, 0x00000000a4480000, 0x00000000e0000000)
  object space 70144K, 70% used [0x00000000a0000000,0x00000000a301d110,0x00000000a4480000)
 Metaspace       used 62508K, capacity 64150K, committed 67120K, reserved 1107968K
  class space    used 8023K, capacity 8330K, committed 9008K, reserved 1048576K
}
Event: 5271.996 GC heap before
{Heap before GC invocations=23 (full 4):
 PSYoungGen      total 345600K, used 325120K [0x00000000e0000000, 0x00000000f7180000, 0x0000000100000000)
  eden space 325120K, 100% used [0x00000000e0000000,0x00000000f3d80000,0x00000000f3d80000)
  from space 20480K, 0% used [0x00000000f5580000,0x00000000f5580000,0x00000000f6980000)
  to   space 24576K, 0% used [0x00000000f3d80000,0x00000000f3d80000,0x00000000f5580000)
 ParOldGen       total 70144K, used 49268K [0x00000000a0000000, 0x00000000a4480000, 0x00000000e0000000)
  object space 70144K, 70% used [0x00000000a0000000,0x00000000a301d110,0x00000000a4480000)
 Metaspace       used 63116K, capacity 64890K, committed 67120K, reserved 1107968K
  class space    used 8063K, capacity 8396K, committed 9008K, reserved 1048576K
Event: 5272.029 GC heap after
Heap after GC invocations=23 (full 4):
 PSYoungGen      total 349696K, used 15510K [0x00000000e0000000, 0x00000000fcf80000, 0x0000000100000000)
  eden space 325120K, 0% used [0x00000000e0000000,0x00000000e0000000,0x00000000f3d80000)
  from space 24576K, 63% used [0x00000000f3d80000,0x00000000f4ca5b58,0x00000000f5580000)
  to   space 24576K, 0% used [0x00000000fb780000,0x00000000fb780000,0x00000000fcf80000)
 ParOldGen       total 70144K, used 49276K [0x00000000a0000000, 0x00000000a4480000, 0x00000000e0000000)
  object space 70144K, 70% used [0x00000000a0000000,0x00000000a301f110,0x00000000a4480000)
 Metaspace       used 63116K, capacity 64890K, committed 67120K, reserved 1107968K
  class space    used 8063K, capacity 8396K, committed 9008K, reserved 1048576K
}
Event: 5276.281 GC heap before
{Heap before GC invocations=24 (full 4):
 PSYoungGen      total 349696K, used 281550K [0x00000000e0000000, 0x00000000fcf80000, 0x0000000100000000)
  eden space 325120K, 81% used [0x00000000e0000000,0x00000000f03cded8,0x00000000f3d80000)
  from space 24576K, 63% used [0x00000000f3d80000,0x00000000f4ca5b58,0x00000000f5580000)
  to   space 24576K, 0% used [0x00000000fb780000,0x00000000fb780000,0x00000000fcf80000)
 ParOldGen       total 70144K, used 49276K [0x00000000a0000000, 0x00000000a4480000, 0x00000000e0000000)
  object space 70144K, 70% used [0x00000000a0000000,0x00000000a301f110,0x00000000a4480000)
 Metaspace       used 63491K, capacity 65304K, committed 67120K, reserved 1107968K
  class space    used 8066K, capacity 8401K, committed 9008K, reserved 1048576K
Event: 5276.309 GC heap after
Heap after GC invocations=24 (full 4):
 PSYoungGen      total 446976K, used 22815K [0x00000000e0000000, 0x00000000fd580000, 0x0000000100000000)
  eden space 422400K, 0% used [0x00000000e0000000,0x00000000e0000000,0x00000000f9c80000)
  from space 24576K, 92% used [0x00000000fb780000,0x00000000fcdc7d30,0x00000000fcf80000)
  to   space 27648K, 0% used [0x00000000f9c80000,0x00000000f9c80000,0x00000000fb780000)
 ParOldGen       total 70144K, used 52778K [0x00000000a0000000, 0x00000000a4480000, 0x00000000e0000000)
  object space 70144K, 75% used [0x00000000a0000000,0x00000000a338aba8,0x00000000a4480000)
 Metaspace       used 63491K, capacity 65304K, committed 67120K, reserved 1107968K
  class space    used 8066K, capacity 8401K, committed 9008K, reserved 1048576K
}
Event: 5276.309 GC heap before
{Heap before GC invocations=25 (full 5):
 PSYoungGen      total 446976K, used 22815K [0x00000000e0000000, 0x00000000fd580000, 0x0000000100000000)
  eden space 422400K, 0% used [0x00000000e0000000,0x00000000e0000000,0x00000000f9c80000)
  from space 24576K, 92% used [0x00000000fb780000,0x00000000fcdc7d30,0x00000000fcf80000)
  to   space 27648K, 0% used [0x00000000f9c80000,0x00000000f9c80000,0x00000000fb780000)
 ParOldGen       total 70144K, used 52778K [0x00000000a0000000, 0x00000000a4480000, 0x00000000e0000000)
  object space 70144K, 75% used [0x00000000a0000000,0x00000000a338aba8,0x00000000a4480000)
 Metaspace       used 63491K, capacity 65304K, committed 67120K, reserved 1107968K
  class space    used 8066K, capacity 8401K, committed 9008K, reserved 1048576K
Event: 5276.728 GC heap after
Heap after GC invocations=25 (full 5):
 PSYoungGen      total 446976K, used 0K [0x00000000e0000000, 0x00000000fd580000, 0x0000000100000000)
  eden space 422400K, 0% used [0x00000000e0000000,0x00000000e0000000,0x00000000f9c80000)
  from space 24576K, 0% used [0x00000000fb780000,0x00000000fb780000,0x00000000fcf80000)
  to   space 27648K, 0% used [0x00000000f9c80000,0x00000000f9c80000,0x00000000fb780000)
 ParOldGen       total 70144K, used 56542K [0x00000000a0000000, 0x00000000a4480000, 0x00000000e0000000)
  object space 70144K, 80% used [0x00000000a0000000,0x00000000a3737810,0x00000000a4480000)
 Metaspace       used 63491K, capacity 65304K, committed 67120K, reserved 1107968K
  class space    used 8066K, capacity 8401K, committed 9008K, reserved 1048576K
}

